<?xml version="1.0" encoding="UTF-8"?>
<testsuites name="Ordinary_teacher" time="27.387" tests="3" failures="0" errors="1">
   <testsuite name="Ordinary_teacher" tests="3" failures="0" errors="1" time="27.387" timestamp="2019-12-31 17:49:43" hostname="faz - 192.168.2.28" id="Test Suites/Android/Teacher Test Suite/Ordinary_teacher">
      <properties>
         <property name="deviceName" value="HUAWEI COL-AL10 (Android 9)"/>
         <property name="devicePlatform" value=""/>
         <property name="logFolder" value="/Users/faz/git/com.goldlokedu.app/Reports/20191231_174922/Android/Teacher Test Suite/Ordinary_teacher/20191231_174922"/>
         <property name="logFiles" value="/Users/faz/git/com.goldlokedu.app/Reports/20191231_174922/Android/Teacher Test Suite/Ordinary_teacher/20191231_174922/execution0.log, /Users/faz/git/com.goldlokedu.app/Reports/20191231_174922/Android/Teacher Test Suite/Ordinary_teacher/20191231_174922/appium.log"/>
         <property name="attachments" value=""/>
         <property name="hostName" value="faz - 192.168.2.28"/>
         <property name="os" value="Mac OS X 64bit"/>
         <property name="appiumServerStatus" value="{\&quot;value\&quot;:{\&quot;build\&quot;:{\&quot;version\&quot;:\&quot;1.16.0\&quot;}},\&quot;sessionId\&quot;:null,\&quot;status\&quot;:0}"/>
         <property name="katalonVersion" value="7.2.0.1"/>
         <property name="deviceOS" value="Android"/>
         <property name="appiumVersion" value="1.16.0"/>
         <property name="deviceModel" value="COL-AL10"/>
         <property name="hostAddress" value="192.168.2.28"/>
         <property name="deviceManufacturer" value="HUAWEI"/>
         <property name="deviceId" value="VBJ4C18519001467"/>
         <property name="deviceName" value="HUAWEI COL-AL10 (Android 9)"/>
         <property name="deviceOSVersion" value="9"/>
      </properties>
      <testcase name="Test Cases/Android/Public Module/Start App/start_app" time="21.208" classname="Test Cases/Android/Public Module/Start App/start_app" status="PASSED">
         <system-out><![CDATA[2019-12-31 17:49:44 - [TEST_CASE][PASSED] - Test Cases/Android/Public Module/Start App/start_app: Test Cases/Android/Public Module/Start App/start_app

2019-12-31 17:49:46 - [TEST_STEP][PASSED] - startExistingApplication(G_AppId, STOP_ON_FAILURE): Starting app with application ID: 'com.goldlokedu.tgoldlokedu '

2019-12-31 17:49:47 - [MESSAGE][INFO] - User set preference: ['deviceId', 'VBJ4C18519001467']

2019-12-31 17:49:52 - [MESSAGE][INFO] - Appium server started on port 59,353

2019-12-31 17:50:06 - [MESSAGE][PASSED] - Starting app with application ID: 'com.goldlokedu.tgoldlokedu ']]></system-out>
         <system-err><![CDATA[]]></system-err>
      </testcase>
      <testcase name="Test Cases/Android/Bottom Navigation/tap_bottom_my" time="3.979" classname="Test Cases/Android/Bottom Navigation/tap_bottom_my" status="PASSED">
         <system-out><![CDATA[2019-12-31 17:50:06 - [TEST_CASE][PASSED] - Test Cases/Android/Bottom Navigation/tap_bottom_my: Test Cases/Android/Bottom Navigation/tap_bottom_my

2019-12-31 17:50:06 - [TEST_STEP][PASSED] - tap(findTestObject("Object Repository/Android/Bottom Bavigation/bottom_my_btn"), G_Timeout, CONTINUE_ON_FAILURE): Tapped on element 'Object Repository/Android/Bottom Bavigation/bottom_my_btn'

2019-12-31 17:50:10 - [MESSAGE][PASSED] - Tapped on element 'Object Repository/Android/Bottom Bavigation/bottom_my_btn']]></system-out>
         <system-err><![CDATA[]]></system-err>
      </testcase>
      <testcase name="Test Cases/Android/Bottom Navigation/My/Logout/tap_logout_btn" time="0.499" classname="Test Cases/Android/Bottom Navigation/My/Logout/tap_logout_btn" status="ERROR">
         <error type="ERROR" message="Test Cases/Android/Bottom Navigation/My/Logout/tap_logout_btn FAILED.
Reason:
groovy.lang.MissingPropertyException: No such property: isPresent for class: Script1577693424832
	at tap_logout_btn.run(tap_logout_btn:24)
	at com.kms.katalon.core.main.ScriptEngine.run(ScriptEngine.java:194)
	at com.kms.katalon.core.main.ScriptEngine.runScriptAsRawText(ScriptEngine.java:119)
	at com.kms.katalon.core.main.TestCaseExecutor.runScript(TestCaseExecutor.java:337)
	at com.kms.katalon.core.main.TestCaseExecutor.doExecute(TestCaseExecutor.java:328)
	at com.kms.katalon.core.main.TestCaseExecutor.processExecutionPhase(TestCaseExecutor.java:307)
	at com.kms.katalon.core.main.TestCaseExecutor.accessMainPhase(TestCaseExecutor.java:299)
	at com.kms.katalon.core.main.TestCaseExecutor.execute(TestCaseExecutor.java:233)
	at com.kms.katalon.core.main.TestSuiteExecutor.accessTestCaseMainPhase(TestSuiteExecutor.java:169)
	at com.kms.katalon.core.main.TestSuiteExecutor.accessTestSuiteMainPhase(TestSuiteExecutor.java:142)
	at com.kms.katalon.core.main.TestSuiteExecutor.execute(TestSuiteExecutor.java:91)
	at com.kms.katalon.core.main.TestCaseMain.startTestSuite(TestCaseMain.java:157)
	at com.kms.katalon.core.main.TestCaseMain$startTestSuite$0.call(Unknown Source)
	at TempTestSuite1577785772211.run(TempTestSuite1577785772211.groovy:36)
"/>
         <system-out><![CDATA[2019-12-31 17:50:10 - [TEST_CASE][ERROR] - Test Cases/Android/Bottom Navigation/My/Logout/tap_logout_btn: Test Cases/Android/Bottom Navigation/My/Logout/tap_logout_btn FAILED.
Reason:
groovy.lang.MissingPropertyException: No such property: isPresent for class: Script1577693424832
	at tap_logout_btn.run(tap_logout_btn:24)
	at com.kms.katalon.core.main.ScriptEngine.run(ScriptEngine.java:194)
	at com.kms.katalon.core.main.ScriptEngine.runScriptAsRawText(ScriptEngine.java:119)
	at com.kms.katalon.core.main.TestCaseExecutor.runScript(TestCaseExecutor.java:337)
	at com.kms.katalon.core.main.TestCaseExecutor.doExecute(TestCaseExecutor.java:328)
	at com.kms.katalon.core.main.TestCaseExecutor.processExecutionPhase(TestCaseExecutor.java:307)
	at com.kms.katalon.core.main.TestCaseExecutor.accessMainPhase(TestCaseExecutor.java:299)
	at com.kms.katalon.core.main.TestCaseExecutor.execute(TestCaseExecutor.java:233)
	at com.kms.katalon.core.main.TestSuiteExecutor.accessTestCaseMainPhase(TestSuiteExecutor.java:169)
	at com.kms.katalon.core.main.TestSuiteExecutor.accessTestSuiteMainPhase(TestSuiteExecutor.java:142)
	at com.kms.katalon.core.main.TestSuiteExecutor.execute(TestSuiteExecutor.java:91)
	at com.kms.katalon.core.main.TestCaseMain.startTestSuite(TestCaseMain.java:157)
	at com.kms.katalon.core.main.TestCaseMain$startTestSuite$0.call(Unknown Source)
	at TempTestSuite1577785772211.run(TempTestSuite1577785772211.groovy:36)


2019-12-31 17:50:10 - [TEST_STEP][NOT_RUN] - isPresent = verifyElementExist(findTestObject("Object Repository/Android/Bottom Bavigation/My/Logout/logout_btn"), G_Timeout, CONTINUE_ON_FAILURE): NOT_RUN: isPresent = verifyElementExist(findTestObject("Object Repository/Android/Bottom Bavigation/My/Logout/logout_btn"), G_Timeout, CONTINUE_ON_FAILURE)

2019-12-31 17:50:10 - [MESSAGE][NOT_RUN] - NOT_RUN: isPresent = verifyElementExist(findTestObject("Object Repository/Android/Bottom Bavigation/My/Logout/logout_btn"), G_Timeout, CONTINUE_ON_FAILURE)

2019-12-31 17:50:10 - [TEST_STEP][PASSED] - if (!(isPresent)): null]]></system-out>
         <system-err><![CDATA[2019-12-31 17:50:10 - [TEST_CASE][ERROR] - Test Cases/Android/Bottom Navigation/My/Logout/tap_logout_btn: Test Cases/Android/Bottom Navigation/My/Logout/tap_logout_btn FAILED.
Reason:
groovy.lang.MissingPropertyException: No such property: isPresent for class: Script1577693424832
	at tap_logout_btn.run(tap_logout_btn:24)
	at com.kms.katalon.core.main.ScriptEngine.run(ScriptEngine.java:194)
	at com.kms.katalon.core.main.ScriptEngine.runScriptAsRawText(ScriptEngine.java:119)
	at com.kms.katalon.core.main.TestCaseExecutor.runScript(TestCaseExecutor.java:337)
	at com.kms.katalon.core.main.TestCaseExecutor.doExecute(TestCaseExecutor.java:328)
	at com.kms.katalon.core.main.TestCaseExecutor.processExecutionPhase(TestCaseExecutor.java:307)
	at com.kms.katalon.core.main.TestCaseExecutor.accessMainPhase(TestCaseExecutor.java:299)
	at com.kms.katalon.core.main.TestCaseExecutor.execute(TestCaseExecutor.java:233)
	at com.kms.katalon.core.main.TestSuiteExecutor.accessTestCaseMainPhase(TestSuiteExecutor.java:169)
	at com.kms.katalon.core.main.TestSuiteExecutor.accessTestSuiteMainPhase(TestSuiteExecutor.java:142)
	at com.kms.katalon.core.main.TestSuiteExecutor.execute(TestSuiteExecutor.java:91)
	at com.kms.katalon.core.main.TestCaseMain.startTestSuite(TestCaseMain.java:157)
	at com.kms.katalon.core.main.TestCaseMain$startTestSuite$0.call(Unknown Source)
	at TempTestSuite1577785772211.run(TempTestSuite1577785772211.groovy:36)]]></system-err>
      </testcase>
      <system-out><![CDATA[2019-12-31 17:49:43 - [TEST_SUITE][ERROR] - Ordinary_teacher: Test Cases/Android/Bottom Navigation/My/Logout/tap_logout_btn FAILED.
Reason:
groovy.lang.MissingPropertyException: No such property: isPresent for class: Script1577693424832
	at tap_logout_btn.run(tap_logout_btn:24)
	at com.kms.katalon.core.main.ScriptEngine.run(ScriptEngine.java:194)
	at com.kms.katalon.core.main.ScriptEngine.runScriptAsRawText(ScriptEngine.java:119)
	at com.kms.katalon.core.main.TestCaseExecutor.runScript(TestCaseExecutor.java:337)
	at com.kms.katalon.core.main.TestCaseExecutor.doExecute(TestCaseExecutor.java:328)
	at com.kms.katalon.core.main.TestCaseExecutor.processExecutionPhase(TestCaseExecutor.java:307)
	at com.kms.katalon.core.main.TestCaseExecutor.accessMainPhase(TestCaseExecutor.java:299)
	at com.kms.katalon.core.main.TestCaseExecutor.execute(TestCaseExecutor.java:233)
	at com.kms.katalon.core.main.TestSuiteExecutor.accessTestCaseMainPhase(TestSuiteExecutor.java:169)
	at com.kms.katalon.core.main.TestSuiteExecutor.accessTestSuiteMainPhase(TestSuiteExecutor.java:142)
	at com.kms.katalon.core.main.TestSuiteExecutor.execute(TestSuiteExecutor.java:91)
	at com.kms.katalon.core.main.TestCaseMain.startTestSuite(TestCaseMain.java:157)
	at com.kms.katalon.core.main.TestCaseMain$startTestSuite$0.call(Unknown Source)
	at TempTestSuite1577785772211.run(TempTestSuite1577785772211.groovy:36)]]></system-out>
      <system-err><![CDATA[2019-12-31 17:49:43 - [TEST_SUITE][ERROR] - Ordinary_teacher: Test Cases/Android/Bottom Navigation/My/Logout/tap_logout_btn FAILED.
Reason:
groovy.lang.MissingPropertyException: No such property: isPresent for class: Script1577693424832
	at tap_logout_btn.run(tap_logout_btn:24)
	at com.kms.katalon.core.main.ScriptEngine.run(ScriptEngine.java:194)
	at com.kms.katalon.core.main.ScriptEngine.runScriptAsRawText(ScriptEngine.java:119)
	at com.kms.katalon.core.main.TestCaseExecutor.runScript(TestCaseExecutor.java:337)
	at com.kms.katalon.core.main.TestCaseExecutor.doExecute(TestCaseExecutor.java:328)
	at com.kms.katalon.core.main.TestCaseExecutor.processExecutionPhase(TestCaseExecutor.java:307)
	at com.kms.katalon.core.main.TestCaseExecutor.accessMainPhase(TestCaseExecutor.java:299)
	at com.kms.katalon.core.main.TestCaseExecutor.execute(TestCaseExecutor.java:233)
	at com.kms.katalon.core.main.TestSuiteExecutor.accessTestCaseMainPhase(TestSuiteExecutor.java:169)
	at com.kms.katalon.core.main.TestSuiteExecutor.accessTestSuiteMainPhase(TestSuiteExecutor.java:142)
	at com.kms.katalon.core.main.TestSuiteExecutor.execute(TestSuiteExecutor.java:91)
	at com.kms.katalon.core.main.TestCaseMain.startTestSuite(TestCaseMain.java:157)
	at com.kms.katalon.core.main.TestCaseMain$startTestSuite$0.call(Unknown Source)
	at TempTestSuite1577785772211.run(TempTestSuite1577785772211.groovy:36)]]></system-err>
   </testsuite>
</testsuites>
