<?xml version="1.0" encoding="UTF-8"?>
<testsuites name="test" time="28.935" tests="1" failures="0" errors="0">
   <testsuite name="test" tests="1" failures="0" errors="0" time="28.935" timestamp="2020-01-08 15:41:40" hostname="faz - 192.168.2.119" id="Test Suites/Android/Teacher Test Suite/test">
      <properties>
         <property name="deviceName" value="HUAWEI COL-AL10 (Android 9)"/>
         <property name="devicePlatform" value=""/>
         <property name="logFolder" value="/Users/faz/git/com.goldlokedu.app/Reports/20200108_154121/Android/Teacher Test Suite/test/20200108_154121"/>
         <property name="logFiles" value="/Users/faz/git/com.goldlokedu.app/Reports/20200108_154121/Android/Teacher Test Suite/test/20200108_154121/execution0.log, /Users/faz/git/com.goldlokedu.app/Reports/20200108_154121/Android/Teacher Test Suite/test/20200108_154121/appium.log"/>
         <property name="attachments" value=""/>
         <property name="hostName" value="faz - 192.168.2.119"/>
         <property name="os" value="Mac OS X 64bit"/>
         <property name="appiumServerStatus" value="{\&quot;value\&quot;:{\&quot;build\&quot;:{\&quot;version\&quot;:\&quot;1.16.0\&quot;}},\&quot;sessionId\&quot;:null,\&quot;status\&quot;:0}"/>
         <property name="katalonVersion" value="7.2.0.1"/>
         <property name="deviceOS" value="Android"/>
         <property name="appiumVersion" value="1.16.0"/>
         <property name="deviceModel" value="COL-AL10"/>
         <property name="hostAddress" value="192.168.2.119"/>
         <property name="deviceManufacturer" value="HUAWEI"/>
         <property name="deviceId" value="VBJ4C18519001467"/>
         <property name="deviceName" value="HUAWEI COL-AL10 (Android 9)"/>
         <property name="deviceOSVersion" value="9"/>
      </properties>
      <testcase name="Test Cases/Android/Login Module/Transition Page Module/page_one_skip" time="28.409" classname="Test Cases/Android/Login Module/Transition Page Module/page_one_skip" status="PASSED">
         <system-out><![CDATA[2020-01-08 15:41:40 - [TEST_CASE][PASSED] - Test Cases/Android/Login Module/Transition Page Module/page_one_skip: Test Cases/Android/Login Module/Transition Page Module/page_one_skip

2020-01-08 15:41:40 - [TEST_STEP][ERROR] - Start listener action : sampleBeforeTestCase: groovy.lang.MissingPropertyException: No such property: i for class: NewTestListener
	at NewTestListener.sampleBeforeTestCase(NewTestListener.groovy:35)
	at NewTestListener.invokeMethod(NewTestListener.groovy)
	at com.kms.katalon.core.context.internal.TestHooker.invokeMethod(TestHooker.java:111)
	at com.kms.katalon.core.context.internal.TestHooker.lambda$3(TestHooker.java:95)
	at com.kms.katalon.core.context.internal.TestHooker.invokeContextMethods(TestHooker.java:94)
	at com.kms.katalon.core.context.internal.TestListenerCollector.lambda$3(TestListenerCollector.java:88)
	at com.kms.katalon.core.context.internal.TestListenerCollector.handleListenerEvent(TestListenerCollector.java:85)
	at com.kms.katalon.core.context.internal.ExecutionEventManager.publicEvent(ExecutionEventManager.java:36)
	at com.kms.katalon.core.main.TestCaseExecutor.execute(TestCaseExecutor.java:219)
	at com.kms.katalon.core.main.TestSuiteExecutor.accessTestCaseMainPhase(TestSuiteExecutor.java:169)
	at com.kms.katalon.core.main.TestSuiteExecutor.accessTestSuiteMainPhase(TestSuiteExecutor.java:142)
	at com.kms.katalon.core.main.TestSuiteExecutor.execute(TestSuiteExecutor.java:91)
	at com.kms.katalon.core.main.TestCaseMain.startTestSuite(TestCaseMain.java:157)
	at com.kms.katalon.core.main.TestCaseMain$startTestSuite$0.call(Unknown Source)
	at TempTestSuite1578469282134.run(TempTestSuite1578469282134.groovy:36)


2020-01-08 15:41:40 - [TEST_STEP][PASSED] - println(testCaseContext.getTestCaseId()): null

2020-01-08 15:41:40 - [TEST_STEP][PASSED] - println(testCaseContext.getTestCaseVariables()): null

2020-01-08 15:41:40 - [TEST_STEP][ERROR] - println("看看是不是没调用也执行" + (i++)): groovy.lang.MissingPropertyException: No such property: i for class: NewTestListener
	at NewTestListener.sampleBeforeTestCase(NewTestListener.groovy:35)
	at NewTestListener.invokeMethod(NewTestListener.groovy)
	at com.kms.katalon.core.context.internal.TestHooker.invokeMethod(TestHooker.java:111)
	at com.kms.katalon.core.context.internal.TestHooker.lambda$3(TestHooker.java:95)
	at com.kms.katalon.core.context.internal.TestHooker.invokeContextMethods(TestHooker.java:94)
	at com.kms.katalon.core.context.internal.TestListenerCollector.lambda$3(TestListenerCollector.java:88)
	at com.kms.katalon.core.context.internal.TestListenerCollector.handleListenerEvent(TestListenerCollector.java:85)
	at com.kms.katalon.core.context.internal.ExecutionEventManager.publicEvent(ExecutionEventManager.java:36)
	at com.kms.katalon.core.main.TestCaseExecutor.execute(TestCaseExecutor.java:219)
	at com.kms.katalon.core.main.TestSuiteExecutor.accessTestCaseMainPhase(TestSuiteExecutor.java:169)
	at com.kms.katalon.core.main.TestSuiteExecutor.accessTestSuiteMainPhase(TestSuiteExecutor.java:142)
	at com.kms.katalon.core.main.TestSuiteExecutor.execute(TestSuiteExecutor.java:91)
	at com.kms.katalon.core.main.TestCaseMain.startTestSuite(TestCaseMain.java:157)
	at com.kms.katalon.core.main.TestCaseMain$startTestSuite$0.call(Unknown Source)
	at TempTestSuite1578469282134.run(TempTestSuite1578469282134.groovy:36)


2020-01-08 15:41:41 - [MESSAGE][ERROR] - groovy.lang.MissingPropertyException: No such property: i for class: NewTestListener
	at NewTestListener.sampleBeforeTestCase(NewTestListener.groovy:35)
	at NewTestListener.invokeMethod(NewTestListener.groovy)
	at com.kms.katalon.core.context.internal.TestHooker.invokeMethod(TestHooker.java:111)
	at com.kms.katalon.core.context.internal.TestHooker.lambda$3(TestHooker.java:95)
	at com.kms.katalon.core.context.internal.TestHooker.invokeContextMethods(TestHooker.java:94)
	at com.kms.katalon.core.context.internal.TestListenerCollector.lambda$3(TestListenerCollector.java:88)
	at com.kms.katalon.core.context.internal.TestListenerCollector.handleListenerEvent(TestListenerCollector.java:85)
	at com.kms.katalon.core.context.internal.ExecutionEventManager.publicEvent(ExecutionEventManager.java:36)
	at com.kms.katalon.core.main.TestCaseExecutor.execute(TestCaseExecutor.java:219)
	at com.kms.katalon.core.main.TestSuiteExecutor.accessTestCaseMainPhase(TestSuiteExecutor.java:169)
	at com.kms.katalon.core.main.TestSuiteExecutor.accessTestSuiteMainPhase(TestSuiteExecutor.java:142)
	at com.kms.katalon.core.main.TestSuiteExecutor.execute(TestSuiteExecutor.java:91)
	at com.kms.katalon.core.main.TestCaseMain.startTestSuite(TestCaseMain.java:157)
	at com.kms.katalon.core.main.TestCaseMain$startTestSuite$0.call(Unknown Source)
	at TempTestSuite1578469282134.run(TempTestSuite1578469282134.groovy:36)


2020-01-08 15:41:42 - [TEST_STEP][PASSED] - callTestCase(findTestCase("Android/Login Module/Start App/start_app"), [:], CONTINUE_ON_FAILURE): Call Test Case 'Test Cases/Android/Login Module/Start App/start_app' successfully

2020-01-08 15:41:42 - [TEST_CASE][PASSED] - Test Cases/Android/Login Module/Start App/start_app: Test Cases/Android/Login Module/Start App/start_app

2020-01-08 15:41:42 - [TEST_STEP][PASSED] - startExistingApplication(G_AppId, STOP_ON_FAILURE): Starting app with application ID: 'com.goldlokedu.tgoldlokedu '

2020-01-08 15:41:43 - [MESSAGE][INFO] - User set preference: ['deviceId', 'VBJ4C18519001467']

2020-01-08 15:41:47 - [MESSAGE][INFO] - Appium server started on port 64,331

2020-01-08 15:42:03 - [MESSAGE][PASSED] - Starting app with application ID: 'com.goldlokedu.tgoldlokedu '

2020-01-08 15:42:03 - [MESSAGE][PASSED] - Call Test Case 'Test Cases/Android/Login Module/Start App/start_app' successfully

2020-01-08 15:42:03 - [TEST_STEP][PASSED] - callTestCase(findTestCase("Test Cases/Android/Login Module/Transition Page Module/tap_page_one_skip"), [:], CONTINUE_ON_FAILURE): Call Test Case 'Test Cases/Android/Login Module/Transition Page Module/tap_page_one_skip' successfully

2020-01-08 15:42:03 - [TEST_CASE][PASSED] - Test Cases/Android/Login Module/Transition Page Module/tap_page_one_skip: Test Cases/Android/Login Module/Transition Page Module/tap_page_one_skip

2020-01-08 15:42:03 - [TEST_STEP][PASSED] - tap(findTestObject("Object Repository/Android/Transition Page Element/transition_page_one_skip_btn"), G_Timeout, CONTINUE_ON_FAILURE): Tapped on element 'Object Repository/Android/Transition Page Element/transition_page_one_skip_btn'

2020-01-08 15:42:06 - [MESSAGE][PASSED] - Tapped on element 'Object Repository/Android/Transition Page Element/transition_page_one_skip_btn'

2020-01-08 15:42:06 - [MESSAGE][PASSED] - Call Test Case 'Test Cases/Android/Login Module/Transition Page Module/tap_page_one_skip' successfully

2020-01-08 15:42:06 - [TEST_STEP][PASSED] - closeApplication(CONTINUE_ON_FAILURE): Close app successfully

2020-01-08 15:42:07 - [MESSAGE][PASSED] - Close app successfully]]></system-out>
         <system-err><![CDATA[]]></system-err>
      </testcase>
      <system-out><![CDATA[2020-01-08 15:41:40 - [TEST_SUITE][PASSED] - test: Test Cases/Android/Login Module/Transition Page Module/page_one_skip]]></system-out>
      <system-err><![CDATA[]]></system-err>
   </testsuite>
</testsuites>
