<?xml version="1.0" encoding="UTF-8"?>
<testsuites name="Ordinary_teacher" time="66.973" tests="8" failures="2" errors="0">
   <testsuite name="Ordinary_teacher" tests="8" failures="2" errors="0" time="66.973" timestamp="2020-01-07 00:13:39" hostname="Administrator - PC-20190203YURK" id="Test Suites/Android/Teacher Test Suite/Ordinary_teacher">
      <properties>
         <property name="deviceName" value="HUAWEI COL-AL10 (Android 9)"/>
         <property name="devicePlatform" value=""/>
         <property name="logFolder" value="E:\\\u5E84\u610F\u5F3A\\katalonworkspace\\com.goldlokedu.app\\Reports\\20200107_001326\\Android\\Teacher Test Suite\\Ordinary_teacher\\20200107_001326"/>
         <property name="logFiles" value="E:\\\u5E84\u610F\u5F3A\\katalonworkspace\\com.goldlokedu.app\\Reports\\20200107_001326\\Android\\Teacher Test Suite\\Ordinary_teacher\\20200107_001326\\appium.log, E:\\\u5E84\u610F\u5F3A\\katalonworkspace\\com.goldlokedu.app\\Reports\\20200107_001326\\Android\\Teacher Test Suite\\Ordinary_teacher\\20200107_001326\\execution0.log"/>
         <property name="attachments" value="E:\\\u5E84\u610F\u5F3A\\katalonworkspace\\com.goldlokedu.app\\Reports\\20200107_001326\\Android\\Teacher Test Suite\\Ordinary_teacher\\20200107_001326\\1578327269265.png, E:\\\u5E84\u610F\u5F3A\\katalonworkspace\\com.goldlokedu.app\\Reports\\20200107_001326\\Android\\Teacher Test Suite\\Ordinary_teacher\\20200107_001326/videos\\test_7.avi, E:\\\u5E84\u610F\u5F3A\\katalonworkspace\\com.goldlokedu.app\\Reports\\20200107_001326\\Android\\Teacher Test Suite\\Ordinary_teacher\\20200107_001326\\1578327282458.png, E:\\\u5E84\u610F\u5F3A\\katalonworkspace\\com.goldlokedu.app\\Reports\\20200107_001326\\Android\\Teacher Test Suite\\Ordinary_teacher\\20200107_001326/videos\\test_8.avi"/>
         <property name="hostName" value="Administrator - PC-20190203YURK"/>
         <property name="os" value="Windows 7 64bit"/>
         <property name="appiumServerStatus" value="{\&quot;value\&quot;:{\&quot;build\&quot;:{\&quot;version\&quot;:\&quot;1.15.1\&quot;}},\&quot;sessionId\&quot;:null,\&quot;status\&quot;:0}"/>
         <property name="katalonVersion" value="7.2.0.1"/>
         <property name="deviceOS" value="Android"/>
         <property name="appiumVersion" value="1.15.1"/>
         <property name="deviceModel" value="COL-AL10"/>
         <property name="hostAddress" value="192.168.3.4"/>
         <property name="deviceManufacturer" value="HUAWEI"/>
         <property name="deviceId" value="VBJ4C18519001467"/>
         <property name="deviceName" value="HUAWEI COL-AL10 (Android 9)"/>
         <property name="deviceOSVersion" value="9"/>
      </properties>
      <testcase name="Test Cases/Android/Public Module/Start App/start_app" time="15.283" classname="Test Cases/Android/Public Module/Start App/start_app" status="PASSED">
         <system-out><![CDATA[2020-01-07 00:13:39 - [TEST_CASE][PASSED] - Test Cases/Android/Public Module/Start App/start_app: Test Cases/Android/Public Module/Start App/start_app

2020-01-07 00:13:39 - [TEST_STEP][PASSED] - startExistingApplication(G_AppId, STOP_ON_FAILURE): Starting app with application ID: 'com.goldlokedu.tgoldlokedu '

2020-01-07 00:13:39 - [MESSAGE][INFO] - User set preference: ['deviceId', 'VBJ4C18519001467']

2020-01-07 00:13:41 - [MESSAGE][INFO] - Appium server started on port 60,512

2020-01-07 00:13:52 - [MESSAGE][PASSED] - Starting app with application ID: 'com.goldlokedu.tgoldlokedu ']]></system-out>
         <system-err><![CDATA[]]></system-err>
      </testcase>
      <testcase name="Test Cases/Android/Bottom Navigation/Campus/tap_sms_text" time="7.199" classname="Test Cases/Android/Bottom Navigation/Campus/tap_sms_text" status="PASSED">
         <system-out><![CDATA[2020-01-07 00:13:54 - [TEST_CASE][PASSED] - Test Cases/Android/Bottom Navigation/Campus/tap_sms_text: Test Cases/Android/Bottom Navigation/Campus/tap_sms_text

2020-01-07 00:13:54 - [TEST_STEP][PASSED] - tap(findTestObject("Object Repository/Android/Bottom Bavigation/Campus/Interactive Management/sms_text"), G_Timeout, CONTINUE_ON_FAILURE): Tapped on element 'Object Repository/Android/Bottom Bavigation/Campus/Interactive Management/sms_text'

2020-01-07 00:13:59 - [MESSAGE][PASSED] - Tapped on element 'Object Repository/Android/Bottom Bavigation/Campus/Interactive Management/sms_text']]></system-out>
         <system-err><![CDATA[]]></system-err>
      </testcase>
      <testcase name="Test Cases/Android/Bottom Navigation/Campus/Interactive Management/SMS/Sending SMS/Contacts Select/tap_add_contacts_image" time="5.082" classname="Test Cases/Android/Bottom Navigation/Campus/Interactive Management/SMS/Sending SMS/Contacts Select/tap_add_contacts_image" status="PASSED">
         <system-out><![CDATA[2020-01-07 00:14:01 - [TEST_CASE][PASSED] - Test Cases/Android/Bottom Navigation/Campus/Interactive Management/SMS/Sending SMS/Contacts Select/tap_add_contacts_image: Test Cases/Android/Bottom Navigation/Campus/Interactive Management/SMS/Sending SMS/Contacts Select/tap_add_contacts_image

2020-01-07 00:14:01 - [TEST_STEP][PASSED] - tap(findTestObject("Object Repository/Android/Bottom Bavigation/Campus/Interactive Management/SMS/Sending SMS/add_contacts_image"), G_Timeout, CONTINUE_ON_FAILURE): Tapped on element 'Object Repository/Android/Bottom Bavigation/Campus/Interactive Management/SMS/Sending SMS/add_contacts_image'

2020-01-07 00:14:04 - [MESSAGE][PASSED] - Tapped on element 'Object Repository/Android/Bottom Bavigation/Campus/Interactive Management/SMS/Sending SMS/add_contacts_image']]></system-out>
         <system-err><![CDATA[]]></system-err>
      </testcase>
      <testcase name="Test Cases/Android/Bottom Navigation/Campus/Interactive Management/SMS/Sending SMS/Contacts Select/Teacher Contacts/tap_all_teacher_option" time="3.483" classname="Test Cases/Android/Bottom Navigation/Campus/Interactive Management/SMS/Sending SMS/Contacts Select/Teacher Contacts/tap_all_teacher_option" status="PASSED">
         <system-out><![CDATA[2020-01-07 00:14:06 - [TEST_CASE][PASSED] - Test Cases/Android/Bottom Navigation/Campus/Interactive Management/SMS/Sending SMS/Contacts Select/Teacher Contacts/tap_all_teacher_option: Test Cases/Android/Bottom Navigation/Campus/Interactive Management/SMS/Sending SMS/Contacts Select/Teacher Contacts/tap_all_teacher_option

2020-01-07 00:14:06 - [TEST_STEP][PASSED] - to = findTestObject("Object Repository/Android/Bottom Bavigation/Campus/Interactive Management/SMS/Sending SMS/Contacts Select Page/Teacher Contacts/checkbox_btn"): null

2020-01-07 00:14:06 - [TEST_STEP][PASSED] - tap(to, G_Timeout, CONTINUE_ON_FAILURE): Tapped on element 'Object Repository/Android/Bottom Bavigation/Campus/Interactive Management/SMS/Sending SMS/Contacts Select Page/Teacher Contacts/checkbox_btn'

2020-01-07 00:14:08 - [MESSAGE][PASSED] - Tapped on element 'Object Repository/Android/Bottom Bavigation/Campus/Interactive Management/SMS/Sending SMS/Contacts Select Page/Teacher Contacts/checkbox_btn']]></system-out>
         <system-err><![CDATA[]]></system-err>
      </testcase>
      <testcase name="Test Cases/Android/Bottom Navigation/Campus/Interactive Management/SMS/Sending SMS/Contacts Select/tap_sure_btn" time="4.101" classname="Test Cases/Android/Bottom Navigation/Campus/Interactive Management/SMS/Sending SMS/Contacts Select/tap_sure_btn" status="PASSED">
         <system-out><![CDATA[2020-01-07 00:14:10 - [TEST_CASE][PASSED] - Test Cases/Android/Bottom Navigation/Campus/Interactive Management/SMS/Sending SMS/Contacts Select/tap_sure_btn: Test Cases/Android/Bottom Navigation/Campus/Interactive Management/SMS/Sending SMS/Contacts Select/tap_sure_btn

2020-01-07 00:14:10 - [TEST_STEP][PASSED] - tap(findTestObject("Object Repository/Android/Bottom Bavigation/Campus/Interactive Management/SMS/Sending SMS/Contacts Select Page/sure_btn"), G_Timeout, CONTINUE_ON_FAILURE): Tapped on element 'Object Repository/Android/Bottom Bavigation/Campus/Interactive Management/SMS/Sending SMS/Contacts Select Page/sure_btn'

2020-01-07 00:14:12 - [MESSAGE][PASSED] - Tapped on element 'Object Repository/Android/Bottom Bavigation/Campus/Interactive Management/SMS/Sending SMS/Contacts Select Page/sure_btn']]></system-out>
         <system-err><![CDATA[]]></system-err>
      </testcase>
      <testcase name="Test Cases/Android/Bottom Navigation/Campus/Interactive Management/SMS/Sending SMS/sms_content_text/set_text_to_sms_content" time="4.62" classname="Test Cases/Android/Bottom Navigation/Campus/Interactive Management/SMS/Sending SMS/sms_content_text/set_text_to_sms_content" status="PASSED">
         <system-out><![CDATA[2020-01-07 00:14:14 - [TEST_CASE][PASSED] - Test Cases/Android/Bottom Navigation/Campus/Interactive Management/SMS/Sending SMS/sms_content_text/set_text_to_sms_content: Test Cases/Android/Bottom Navigation/Campus/Interactive Management/SMS/Sending SMS/sms_content_text/set_text_to_sms_content

2020-01-07 00:14:14 - [TEST_STEP][PASSED] - setText(findTestObject("Object Repository/Android/Bottom Bavigation/Campus/Interactive Management/SMS/Sending SMS/sms_content_edittext"), getDate() + "测试短信", G_Timeout, CONTINUE_ON_FAILURE): null

2020-01-07 00:14:14 - [TEST_STEP][PASSED] - date = new java.util.Date(): null

2020-01-07 00:14:14 - [TEST_STEP][PASSED] - df = new java.text.SimpleDateFormat(yyyy-MM-dd HH:mm:ss): null

2020-01-07 00:14:14 - [TEST_STEP][PASSED] - time = df.format(date): null

2020-01-07 00:14:14 - [TEST_STEP][PASSED] - return time: Text '2020-01-07 00:14:14测试短信' has been set to element 'Object Repository/Android/Bottom Bavigation/Campus/Interactive Management/SMS/Sending SMS/sms_content_edittext'

2020-01-07 00:14:17 - [MESSAGE][PASSED] - Text '2020-01-07 00:14:14测试短信' has been set to element 'Object Repository/Android/Bottom Bavigation/Campus/Interactive Management/SMS/Sending SMS/sms_content_edittext']]></system-out>
         <system-err><![CDATA[]]></system-err>
      </testcase>
      <testcase name="Test Cases/Android/Bottom Navigation/Campus/Interactive Management/SMS/Sending SMS/SMS Type/tap_sms_type" time="13.151" classname="Test Cases/Android/Bottom Navigation/Campus/Interactive Management/SMS/Sending SMS/SMS Type/tap_sms_type" status="FAILED">
         <failure type="FAILED" message="Test Cases/Android/Bottom Navigation/Campus/Interactive Management/SMS/Sending SMS/SMS Type/tap_sms_type FAILED.
Reason:
com.kms.katalon.core.exception.StepFailedException: Object Object Repository/Android/Bottom Bavigation/Campus/Interactive Management/SMS/Sending SMS/sms_type_option_text not found
	at com.kms.katalon.core.keyword.internal.KeywordMain.stepFailed(KeywordMain.groovy:39)
	at com.kms.katalon.core.mobile.keyword.internal.MobileKeywordMain.stepFailed(MobileKeywordMain.groovy:40)
	at com.kms.katalon.core.mobile.keyword.builtin.TapKeyword$_tap_closure1.doCall(TapKeyword.groovy:79)
	at com.kms.katalon.core.mobile.keyword.builtin.TapKeyword$_tap_closure1.call(TapKeyword.groovy)
	at com.kms.katalon.core.mobile.keyword.internal.MobileKeywordMain.runKeyword(MobileKeywordMain.groovy:21)
	at com.kms.katalon.core.mobile.keyword.builtin.TapKeyword.tap(TapKeyword.groovy:86)
	at com.kms.katalon.core.mobile.keyword.builtin.TapKeyword.execute(TapKeyword.groovy:68)
	at com.kms.katalon.core.keyword.internal.KeywordExecutor.executeKeywordForPlatform(KeywordExecutor.groovy:72)
	at com.kms.katalon.core.mobile.keyword.MobileBuiltInKeywords.tap(MobileBuiltInKeywords.groovy:563)
	at com.kms.katalon.core.mobile.keyword.MobileBuiltInKeywords$tap$0.call(Unknown Source)
	at tap_sms_type.run(tap_sms_type:18)
	at com.kms.katalon.core.main.ScriptEngine.run(ScriptEngine.java:194)
	at com.kms.katalon.core.main.ScriptEngine.runScriptAsRawText(ScriptEngine.java:119)
	at com.kms.katalon.core.main.TestCaseExecutor.runScript(TestCaseExecutor.java:337)
	at com.kms.katalon.core.main.TestCaseExecutor.doExecute(TestCaseExecutor.java:328)
	at com.kms.katalon.core.main.TestCaseExecutor.processExecutionPhase(TestCaseExecutor.java:307)
	at com.kms.katalon.core.main.TestCaseExecutor.accessMainPhase(TestCaseExecutor.java:299)
	at com.kms.katalon.core.main.TestCaseExecutor.execute(TestCaseExecutor.java:233)
	at com.kms.katalon.core.main.TestSuiteExecutor.accessTestCaseMainPhase(TestSuiteExecutor.java:169)
	at com.kms.katalon.core.main.TestSuiteExecutor.accessTestSuiteMainPhase(TestSuiteExecutor.java:142)
	at com.kms.katalon.core.main.TestSuiteExecutor.execute(TestSuiteExecutor.java:91)
	at com.kms.katalon.core.main.TestCaseMain.startTestSuite(TestCaseMain.java:157)
	at com.kms.katalon.core.main.TestCaseMain$startTestSuite$0.call(Unknown Source)
	at TempTestSuite1578327206473.run(TempTestSuite1578327206473.groovy:36)
"/>
         <system-out><![CDATA[2020-01-07 00:14:19 - [TEST_CASE][FAILED] - Test Cases/Android/Bottom Navigation/Campus/Interactive Management/SMS/Sending SMS/SMS Type/tap_sms_type: Test Cases/Android/Bottom Navigation/Campus/Interactive Management/SMS/Sending SMS/SMS Type/tap_sms_type FAILED.
Reason:
com.kms.katalon.core.exception.StepFailedException: Object Object Repository/Android/Bottom Bavigation/Campus/Interactive Management/SMS/Sending SMS/sms_type_option_text not found
	at com.kms.katalon.core.keyword.internal.KeywordMain.stepFailed(KeywordMain.groovy:39)
	at com.kms.katalon.core.mobile.keyword.internal.MobileKeywordMain.stepFailed(MobileKeywordMain.groovy:40)
	at com.kms.katalon.core.mobile.keyword.builtin.TapKeyword$_tap_closure1.doCall(TapKeyword.groovy:79)
	at com.kms.katalon.core.mobile.keyword.builtin.TapKeyword$_tap_closure1.call(TapKeyword.groovy)
	at com.kms.katalon.core.mobile.keyword.internal.MobileKeywordMain.runKeyword(MobileKeywordMain.groovy:21)
	at com.kms.katalon.core.mobile.keyword.builtin.TapKeyword.tap(TapKeyword.groovy:86)
	at com.kms.katalon.core.mobile.keyword.builtin.TapKeyword.execute(TapKeyword.groovy:68)
	at com.kms.katalon.core.keyword.internal.KeywordExecutor.executeKeywordForPlatform(KeywordExecutor.groovy:72)
	at com.kms.katalon.core.mobile.keyword.MobileBuiltInKeywords.tap(MobileBuiltInKeywords.groovy:563)
	at com.kms.katalon.core.mobile.keyword.MobileBuiltInKeywords$tap$0.call(Unknown Source)
	at tap_sms_type.run(tap_sms_type:18)
	at com.kms.katalon.core.main.ScriptEngine.run(ScriptEngine.java:194)
	at com.kms.katalon.core.main.ScriptEngine.runScriptAsRawText(ScriptEngine.java:119)
	at com.kms.katalon.core.main.TestCaseExecutor.runScript(TestCaseExecutor.java:337)
	at com.kms.katalon.core.main.TestCaseExecutor.doExecute(TestCaseExecutor.java:328)
	at com.kms.katalon.core.main.TestCaseExecutor.processExecutionPhase(TestCaseExecutor.java:307)
	at com.kms.katalon.core.main.TestCaseExecutor.accessMainPhase(TestCaseExecutor.java:299)
	at com.kms.katalon.core.main.TestCaseExecutor.execute(TestCaseExecutor.java:233)
	at com.kms.katalon.core.main.TestSuiteExecutor.accessTestCaseMainPhase(TestSuiteExecutor.java:169)
	at com.kms.katalon.core.main.TestSuiteExecutor.accessTestSuiteMainPhase(TestSuiteExecutor.java:142)
	at com.kms.katalon.core.main.TestSuiteExecutor.execute(TestSuiteExecutor.java:91)
	at com.kms.katalon.core.main.TestCaseMain.startTestSuite(TestCaseMain.java:157)
	at com.kms.katalon.core.main.TestCaseMain$startTestSuite$0.call(Unknown Source)
	at TempTestSuite1578327206473.run(TempTestSuite1578327206473.groovy:36)


2020-01-07 00:14:19 - [TEST_STEP][FAILED] - tap(findTestObject("Object Repository/Android/Bottom Bavigation/Campus/Interactive Management/SMS/Sending SMS/sms_type_option_text"), G_Timeout, CONTINUE_ON_FAILURE): Object Object Repository/Android/Bottom Bavigation/Campus/Interactive Management/SMS/Sending SMS/sms_type_option_text not found

2020-01-07 00:14:30 - [MESSAGE][FAILED] - Object Object Repository/Android/Bottom Bavigation/Campus/Interactive Management/SMS/Sending SMS/sms_type_option_text not found
[[ATTACHMENT|E:\\\u5E84\u610F\u5F3A\\katalonworkspace\\com.goldlokedu.app\\Reports\\20200107_001326\\Android\\Teacher Test Suite\\Ordinary_teacher\\20200107_001326\\1578327269265.png]]

2020-01-07 00:14:32 - [TEST_STEP][PASSED] - Video: Video recording for test case 'Test Cases/Android/Bottom Navigation/Campus/Interactive Management/SMS/Sending SMS/SMS Type/tap_sms_type' .

2020-01-07 00:14:32 - [MESSAGE][INFO] - Video recording for test case 'Test Cases/Android/Bottom Navigation/Campus/Interactive Management/SMS/Sending SMS/SMS Type/tap_sms_type' .
[[ATTACHMENT|E:\\\u5E84\u610F\u5F3A\\katalonworkspace\\com.goldlokedu.app\\Reports\\20200107_001326\\Android\\Teacher Test Suite\\Ordinary_teacher\\20200107_001326/videos\\test_7.avi]]]]></system-out>
         <system-err><![CDATA[2020-01-07 00:14:19 - [TEST_CASE][FAILED] - Test Cases/Android/Bottom Navigation/Campus/Interactive Management/SMS/Sending SMS/SMS Type/tap_sms_type: Test Cases/Android/Bottom Navigation/Campus/Interactive Management/SMS/Sending SMS/SMS Type/tap_sms_type FAILED.
Reason:
com.kms.katalon.core.exception.StepFailedException: Object Object Repository/Android/Bottom Bavigation/Campus/Interactive Management/SMS/Sending SMS/sms_type_option_text not found
	at com.kms.katalon.core.keyword.internal.KeywordMain.stepFailed(KeywordMain.groovy:39)
	at com.kms.katalon.core.mobile.keyword.internal.MobileKeywordMain.stepFailed(MobileKeywordMain.groovy:40)
	at com.kms.katalon.core.mobile.keyword.builtin.TapKeyword$_tap_closure1.doCall(TapKeyword.groovy:79)
	at com.kms.katalon.core.mobile.keyword.builtin.TapKeyword$_tap_closure1.call(TapKeyword.groovy)
	at com.kms.katalon.core.mobile.keyword.internal.MobileKeywordMain.runKeyword(MobileKeywordMain.groovy:21)
	at com.kms.katalon.core.mobile.keyword.builtin.TapKeyword.tap(TapKeyword.groovy:86)
	at com.kms.katalon.core.mobile.keyword.builtin.TapKeyword.execute(TapKeyword.groovy:68)
	at com.kms.katalon.core.keyword.internal.KeywordExecutor.executeKeywordForPlatform(KeywordExecutor.groovy:72)
	at com.kms.katalon.core.mobile.keyword.MobileBuiltInKeywords.tap(MobileBuiltInKeywords.groovy:563)
	at com.kms.katalon.core.mobile.keyword.MobileBuiltInKeywords$tap$0.call(Unknown Source)
	at tap_sms_type.run(tap_sms_type:18)
	at com.kms.katalon.core.main.ScriptEngine.run(ScriptEngine.java:194)
	at com.kms.katalon.core.main.ScriptEngine.runScriptAsRawText(ScriptEngine.java:119)
	at com.kms.katalon.core.main.TestCaseExecutor.runScript(TestCaseExecutor.java:337)
	at com.kms.katalon.core.main.TestCaseExecutor.doExecute(TestCaseExecutor.java:328)
	at com.kms.katalon.core.main.TestCaseExecutor.processExecutionPhase(TestCaseExecutor.java:307)
	at com.kms.katalon.core.main.TestCaseExecutor.accessMainPhase(TestCaseExecutor.java:299)
	at com.kms.katalon.core.main.TestCaseExecutor.execute(TestCaseExecutor.java:233)
	at com.kms.katalon.core.main.TestSuiteExecutor.accessTestCaseMainPhase(TestSuiteExecutor.java:169)
	at com.kms.katalon.core.main.TestSuiteExecutor.accessTestSuiteMainPhase(TestSuiteExecutor.java:142)
	at com.kms.katalon.core.main.TestSuiteExecutor.execute(TestSuiteExecutor.java:91)
	at com.kms.katalon.core.main.TestCaseMain.startTestSuite(TestCaseMain.java:157)
	at com.kms.katalon.core.main.TestCaseMain$startTestSuite$0.call(Unknown Source)
	at TempTestSuite1578327206473.run(TempTestSuite1578327206473.groovy:36)]]></system-err>
      </testcase>
      <testcase name="Test Cases/Android/Bottom Navigation/Campus/Interactive Management/SMS/Sending SMS/SMS Type/get_text" time="13.177" classname="Test Cases/Android/Bottom Navigation/Campus/Interactive Management/SMS/Sending SMS/SMS Type/get_text" status="FAILED">
         <failure type="FAILED" message="Test Cases/Android/Bottom Navigation/Campus/Interactive Management/SMS/Sending SMS/SMS Type/get_text FAILED.
Reason:
com.kms.katalon.core.exception.StepFailedException: Object Object Repository/Android/Bottom Bavigation/Campus/Interactive Management/SMS/Sending SMS/Selection Box/options_view not found
	at com.kms.katalon.core.keyword.internal.KeywordMain.stepFailed(KeywordMain.groovy:39)
	at com.kms.katalon.core.mobile.keyword.internal.MobileKeywordMain.stepFailed(MobileKeywordMain.groovy:40)
	at com.kms.katalon.core.mobile.keyword.builtin.GetTextKeyword$_getText_closure1.doCall(GetTextKeyword.groovy:74)
	at com.kms.katalon.core.mobile.keyword.builtin.GetTextKeyword$_getText_closure1.call(GetTextKeyword.groovy)
	at com.kms.katalon.core.mobile.keyword.internal.MobileKeywordMain.runKeyword(MobileKeywordMain.groovy:21)
	at com.kms.katalon.core.mobile.keyword.builtin.GetTextKeyword.getText(GetTextKeyword.groovy:80)
	at com.kms.katalon.core.mobile.keyword.builtin.GetTextKeyword.execute(GetTextKeyword.groovy:64)
	at com.kms.katalon.core.keyword.internal.KeywordExecutor.executeKeywordForPlatform(KeywordExecutor.groovy:72)
	at com.kms.katalon.core.mobile.keyword.MobileBuiltInKeywords.getText(MobileBuiltInKeywords.groovy:443)
	at com.kms.katalon.core.mobile.keyword.MobileBuiltInKeywords$getText$2.call(Unknown Source)
	at get_text.run(get_text:18)
	at com.kms.katalon.core.main.ScriptEngine.run(ScriptEngine.java:194)
	at com.kms.katalon.core.main.ScriptEngine.runScriptAsRawText(ScriptEngine.java:119)
	at com.kms.katalon.core.main.TestCaseExecutor.runScript(TestCaseExecutor.java:337)
	at com.kms.katalon.core.main.TestCaseExecutor.doExecute(TestCaseExecutor.java:328)
	at com.kms.katalon.core.main.TestCaseExecutor.processExecutionPhase(TestCaseExecutor.java:307)
	at com.kms.katalon.core.main.TestCaseExecutor.accessMainPhase(TestCaseExecutor.java:299)
	at com.kms.katalon.core.main.TestCaseExecutor.execute(TestCaseExecutor.java:233)
	at com.kms.katalon.core.main.TestSuiteExecutor.accessTestCaseMainPhase(TestSuiteExecutor.java:169)
	at com.kms.katalon.core.main.TestSuiteExecutor.accessTestSuiteMainPhase(TestSuiteExecutor.java:142)
	at com.kms.katalon.core.main.TestSuiteExecutor.execute(TestSuiteExecutor.java:91)
	at com.kms.katalon.core.main.TestCaseMain.startTestSuite(TestCaseMain.java:157)
	at com.kms.katalon.core.main.TestCaseMain$startTestSuite$0.call(Unknown Source)
	at TempTestSuite1578327206473.run(TempTestSuite1578327206473.groovy:36)
"/>
         <system-out><![CDATA[2020-01-07 00:14:32 - [TEST_CASE][FAILED] - Test Cases/Android/Bottom Navigation/Campus/Interactive Management/SMS/Sending SMS/SMS Type/get_text: Test Cases/Android/Bottom Navigation/Campus/Interactive Management/SMS/Sending SMS/SMS Type/get_text FAILED.
Reason:
com.kms.katalon.core.exception.StepFailedException: Object Object Repository/Android/Bottom Bavigation/Campus/Interactive Management/SMS/Sending SMS/Selection Box/options_view not found
	at com.kms.katalon.core.keyword.internal.KeywordMain.stepFailed(KeywordMain.groovy:39)
	at com.kms.katalon.core.mobile.keyword.internal.MobileKeywordMain.stepFailed(MobileKeywordMain.groovy:40)
	at com.kms.katalon.core.mobile.keyword.builtin.GetTextKeyword$_getText_closure1.doCall(GetTextKeyword.groovy:74)
	at com.kms.katalon.core.mobile.keyword.builtin.GetTextKeyword$_getText_closure1.call(GetTextKeyword.groovy)
	at com.kms.katalon.core.mobile.keyword.internal.MobileKeywordMain.runKeyword(MobileKeywordMain.groovy:21)
	at com.kms.katalon.core.mobile.keyword.builtin.GetTextKeyword.getText(GetTextKeyword.groovy:80)
	at com.kms.katalon.core.mobile.keyword.builtin.GetTextKeyword.execute(GetTextKeyword.groovy:64)
	at com.kms.katalon.core.keyword.internal.KeywordExecutor.executeKeywordForPlatform(KeywordExecutor.groovy:72)
	at com.kms.katalon.core.mobile.keyword.MobileBuiltInKeywords.getText(MobileBuiltInKeywords.groovy:443)
	at com.kms.katalon.core.mobile.keyword.MobileBuiltInKeywords$getText$2.call(Unknown Source)
	at get_text.run(get_text:18)
	at com.kms.katalon.core.main.ScriptEngine.run(ScriptEngine.java:194)
	at com.kms.katalon.core.main.ScriptEngine.runScriptAsRawText(ScriptEngine.java:119)
	at com.kms.katalon.core.main.TestCaseExecutor.runScript(TestCaseExecutor.java:337)
	at com.kms.katalon.core.main.TestCaseExecutor.doExecute(TestCaseExecutor.java:328)
	at com.kms.katalon.core.main.TestCaseExecutor.processExecutionPhase(TestCaseExecutor.java:307)
	at com.kms.katalon.core.main.TestCaseExecutor.accessMainPhase(TestCaseExecutor.java:299)
	at com.kms.katalon.core.main.TestCaseExecutor.execute(TestCaseExecutor.java:233)
	at com.kms.katalon.core.main.TestSuiteExecutor.accessTestCaseMainPhase(TestSuiteExecutor.java:169)
	at com.kms.katalon.core.main.TestSuiteExecutor.accessTestSuiteMainPhase(TestSuiteExecutor.java:142)
	at com.kms.katalon.core.main.TestSuiteExecutor.execute(TestSuiteExecutor.java:91)
	at com.kms.katalon.core.main.TestCaseMain.startTestSuite(TestCaseMain.java:157)
	at com.kms.katalon.core.main.TestCaseMain$startTestSuite$0.call(Unknown Source)
	at TempTestSuite1578327206473.run(TempTestSuite1578327206473.groovy:36)


2020-01-07 00:14:32 - [TEST_STEP][FAILED] - str = getText(findTestObject("Object Repository/Android/Bottom Bavigation/Campus/Interactive Management/SMS/Sending SMS/Selection Box/options_view"), G_Timeout, CONTINUE_ON_FAILURE): Object Object Repository/Android/Bottom Bavigation/Campus/Interactive Management/SMS/Sending SMS/Selection Box/options_view not found

2020-01-07 00:14:43 - [MESSAGE][FAILED] - Object Object Repository/Android/Bottom Bavigation/Campus/Interactive Management/SMS/Sending SMS/Selection Box/options_view not found
[[ATTACHMENT|E:\\\u5E84\u610F\u5F3A\\katalonworkspace\\com.goldlokedu.app\\Reports\\20200107_001326\\Android\\Teacher Test Suite\\Ordinary_teacher\\20200107_001326\\1578327282458.png]]

2020-01-07 00:14:43 - [TEST_STEP][PASSED] - println(str): null

2020-01-07 00:14:45 - [TEST_STEP][PASSED] - Video: Video recording for test case 'Test Cases/Android/Bottom Navigation/Campus/Interactive Management/SMS/Sending SMS/SMS Type/get_text' .

2020-01-07 00:14:45 - [MESSAGE][INFO] - Video recording for test case 'Test Cases/Android/Bottom Navigation/Campus/Interactive Management/SMS/Sending SMS/SMS Type/get_text' .
[[ATTACHMENT|E:\\\u5E84\u610F\u5F3A\\katalonworkspace\\com.goldlokedu.app\\Reports\\20200107_001326\\Android\\Teacher Test Suite\\Ordinary_teacher\\20200107_001326/videos\\test_8.avi]]]]></system-out>
         <system-err><![CDATA[2020-01-07 00:14:32 - [TEST_CASE][FAILED] - Test Cases/Android/Bottom Navigation/Campus/Interactive Management/SMS/Sending SMS/SMS Type/get_text: Test Cases/Android/Bottom Navigation/Campus/Interactive Management/SMS/Sending SMS/SMS Type/get_text FAILED.
Reason:
com.kms.katalon.core.exception.StepFailedException: Object Object Repository/Android/Bottom Bavigation/Campus/Interactive Management/SMS/Sending SMS/Selection Box/options_view not found
	at com.kms.katalon.core.keyword.internal.KeywordMain.stepFailed(KeywordMain.groovy:39)
	at com.kms.katalon.core.mobile.keyword.internal.MobileKeywordMain.stepFailed(MobileKeywordMain.groovy:40)
	at com.kms.katalon.core.mobile.keyword.builtin.GetTextKeyword$_getText_closure1.doCall(GetTextKeyword.groovy:74)
	at com.kms.katalon.core.mobile.keyword.builtin.GetTextKeyword$_getText_closure1.call(GetTextKeyword.groovy)
	at com.kms.katalon.core.mobile.keyword.internal.MobileKeywordMain.runKeyword(MobileKeywordMain.groovy:21)
	at com.kms.katalon.core.mobile.keyword.builtin.GetTextKeyword.getText(GetTextKeyword.groovy:80)
	at com.kms.katalon.core.mobile.keyword.builtin.GetTextKeyword.execute(GetTextKeyword.groovy:64)
	at com.kms.katalon.core.keyword.internal.KeywordExecutor.executeKeywordForPlatform(KeywordExecutor.groovy:72)
	at com.kms.katalon.core.mobile.keyword.MobileBuiltInKeywords.getText(MobileBuiltInKeywords.groovy:443)
	at com.kms.katalon.core.mobile.keyword.MobileBuiltInKeywords$getText$2.call(Unknown Source)
	at get_text.run(get_text:18)
	at com.kms.katalon.core.main.ScriptEngine.run(ScriptEngine.java:194)
	at com.kms.katalon.core.main.ScriptEngine.runScriptAsRawText(ScriptEngine.java:119)
	at com.kms.katalon.core.main.TestCaseExecutor.runScript(TestCaseExecutor.java:337)
	at com.kms.katalon.core.main.TestCaseExecutor.doExecute(TestCaseExecutor.java:328)
	at com.kms.katalon.core.main.TestCaseExecutor.processExecutionPhase(TestCaseExecutor.java:307)
	at com.kms.katalon.core.main.TestCaseExecutor.accessMainPhase(TestCaseExecutor.java:299)
	at com.kms.katalon.core.main.TestCaseExecutor.execute(TestCaseExecutor.java:233)
	at com.kms.katalon.core.main.TestSuiteExecutor.accessTestCaseMainPhase(TestSuiteExecutor.java:169)
	at com.kms.katalon.core.main.TestSuiteExecutor.accessTestSuiteMainPhase(TestSuiteExecutor.java:142)
	at com.kms.katalon.core.main.TestSuiteExecutor.execute(TestSuiteExecutor.java:91)
	at com.kms.katalon.core.main.TestCaseMain.startTestSuite(TestCaseMain.java:157)
	at com.kms.katalon.core.main.TestCaseMain$startTestSuite$0.call(Unknown Source)
	at TempTestSuite1578327206473.run(TempTestSuite1578327206473.groovy:36)]]></system-err>
      </testcase>
      <system-out><![CDATA[2020-01-07 00:13:39 - [TEST_SUITE][FAILED] - Ordinary_teacher: Test Cases/Android/Bottom Navigation/Campus/Interactive Management/SMS/Sending SMS/SMS Type/tap_sms_type FAILED.
Reason:
com.kms.katalon.core.exception.StepFailedException: Object Object Repository/Android/Bottom Bavigation/Campus/Interactive Management/SMS/Sending SMS/sms_type_option_text not found
	at com.kms.katalon.core.keyword.internal.KeywordMain.stepFailed(KeywordMain.groovy:39)
	at com.kms.katalon.core.mobile.keyword.internal.MobileKeywordMain.stepFailed(MobileKeywordMain.groovy:40)
	at com.kms.katalon.core.mobile.keyword.builtin.TapKeyword$_tap_closure1.doCall(TapKeyword.groovy:79)
	at com.kms.katalon.core.mobile.keyword.builtin.TapKeyword$_tap_closure1.call(TapKeyword.groovy)
	at com.kms.katalon.core.mobile.keyword.internal.MobileKeywordMain.runKeyword(MobileKeywordMain.groovy:21)
	at com.kms.katalon.core.mobile.keyword.builtin.TapKeyword.tap(TapKeyword.groovy:86)
	at com.kms.katalon.core.mobile.keyword.builtin.TapKeyword.execute(TapKeyword.groovy:68)
	at com.kms.katalon.core.keyword.internal.KeywordExecutor.executeKeywordForPlatform(KeywordExecutor.groovy:72)
	at com.kms.katalon.core.mobile.keyword.MobileBuiltInKeywords.tap(MobileBuiltInKeywords.groovy:563)
	at com.kms.katalon.core.mobile.keyword.MobileBuiltInKeywords$tap$0.call(Unknown Source)
	at tap_sms_type.run(tap_sms_type:18)
	at com.kms.katalon.core.main.ScriptEngine.run(ScriptEngine.java:194)
	at com.kms.katalon.core.main.ScriptEngine.runScriptAsRawText(ScriptEngine.java:119)
	at com.kms.katalon.core.main.TestCaseExecutor.runScript(TestCaseExecutor.java:337)
	at com.kms.katalon.core.main.TestCaseExecutor.doExecute(TestCaseExecutor.java:328)
	at com.kms.katalon.core.main.TestCaseExecutor.processExecutionPhase(TestCaseExecutor.java:307)
	at com.kms.katalon.core.main.TestCaseExecutor.accessMainPhase(TestCaseExecutor.java:299)
	at com.kms.katalon.core.main.TestCaseExecutor.execute(TestCaseExecutor.java:233)
	at com.kms.katalon.core.main.TestSuiteExecutor.accessTestCaseMainPhase(TestSuiteExecutor.java:169)
	at com.kms.katalon.core.main.TestSuiteExecutor.accessTestSuiteMainPhase(TestSuiteExecutor.java:142)
	at com.kms.katalon.core.main.TestSuiteExecutor.execute(TestSuiteExecutor.java:91)
	at com.kms.katalon.core.main.TestCaseMain.startTestSuite(TestCaseMain.java:157)
	at com.kms.katalon.core.main.TestCaseMain$startTestSuite$0.call(Unknown Source)
	at TempTestSuite1578327206473.run(TempTestSuite1578327206473.groovy:36)]]></system-out>
      <system-err><![CDATA[2020-01-07 00:13:39 - [TEST_SUITE][FAILED] - Ordinary_teacher: Test Cases/Android/Bottom Navigation/Campus/Interactive Management/SMS/Sending SMS/SMS Type/tap_sms_type FAILED.
Reason:
com.kms.katalon.core.exception.StepFailedException: Object Object Repository/Android/Bottom Bavigation/Campus/Interactive Management/SMS/Sending SMS/sms_type_option_text not found
	at com.kms.katalon.core.keyword.internal.KeywordMain.stepFailed(KeywordMain.groovy:39)
	at com.kms.katalon.core.mobile.keyword.internal.MobileKeywordMain.stepFailed(MobileKeywordMain.groovy:40)
	at com.kms.katalon.core.mobile.keyword.builtin.TapKeyword$_tap_closure1.doCall(TapKeyword.groovy:79)
	at com.kms.katalon.core.mobile.keyword.builtin.TapKeyword$_tap_closure1.call(TapKeyword.groovy)
	at com.kms.katalon.core.mobile.keyword.internal.MobileKeywordMain.runKeyword(MobileKeywordMain.groovy:21)
	at com.kms.katalon.core.mobile.keyword.builtin.TapKeyword.tap(TapKeyword.groovy:86)
	at com.kms.katalon.core.mobile.keyword.builtin.TapKeyword.execute(TapKeyword.groovy:68)
	at com.kms.katalon.core.keyword.internal.KeywordExecutor.executeKeywordForPlatform(KeywordExecutor.groovy:72)
	at com.kms.katalon.core.mobile.keyword.MobileBuiltInKeywords.tap(MobileBuiltInKeywords.groovy:563)
	at com.kms.katalon.core.mobile.keyword.MobileBuiltInKeywords$tap$0.call(Unknown Source)
	at tap_sms_type.run(tap_sms_type:18)
	at com.kms.katalon.core.main.ScriptEngine.run(ScriptEngine.java:194)
	at com.kms.katalon.core.main.ScriptEngine.runScriptAsRawText(ScriptEngine.java:119)
	at com.kms.katalon.core.main.TestCaseExecutor.runScript(TestCaseExecutor.java:337)
	at com.kms.katalon.core.main.TestCaseExecutor.doExecute(TestCaseExecutor.java:328)
	at com.kms.katalon.core.main.TestCaseExecutor.processExecutionPhase(TestCaseExecutor.java:307)
	at com.kms.katalon.core.main.TestCaseExecutor.accessMainPhase(TestCaseExecutor.java:299)
	at com.kms.katalon.core.main.TestCaseExecutor.execute(TestCaseExecutor.java:233)
	at com.kms.katalon.core.main.TestSuiteExecutor.accessTestCaseMainPhase(TestSuiteExecutor.java:169)
	at com.kms.katalon.core.main.TestSuiteExecutor.accessTestSuiteMainPhase(TestSuiteExecutor.java:142)
	at com.kms.katalon.core.main.TestSuiteExecutor.execute(TestSuiteExecutor.java:91)
	at com.kms.katalon.core.main.TestCaseMain.startTestSuite(TestCaseMain.java:157)
	at com.kms.katalon.core.main.TestCaseMain$startTestSuite$0.call(Unknown Source)
	at TempTestSuite1578327206473.run(TempTestSuite1578327206473.groovy:36)]]></system-err>
   </testsuite>
</testsuites>
