<?xml version="1.0" encoding="UTF-8"?>
<testsuites name="Ordinary_teacher" time="34.288" tests="3" failures="1" errors="0">
   <testsuite name="Ordinary_teacher" tests="3" failures="1" errors="0" time="34.288" timestamp="2019-12-31 17:02:38" hostname="faz - 192.168.2.28" id="Test Suites/Android/Teacher Test Suite/Ordinary_teacher">
      <properties>
         <property name="deviceName" value="HUAWEI COL-AL10 (Android 9)"/>
         <property name="devicePlatform" value=""/>
         <property name="logFolder" value="/Users/faz/git/com.goldlokedu.app/Reports/20191231_170220/Android/Teacher Test Suite/Ordinary_teacher/20191231_170220"/>
         <property name="logFiles" value="/Users/faz/git/com.goldlokedu.app/Reports/20191231_170220/Android/Teacher Test Suite/Ordinary_teacher/20191231_170220/execution0.log, /Users/faz/git/com.goldlokedu.app/Reports/20191231_170220/Android/Teacher Test Suite/Ordinary_teacher/20191231_170220/appium.log"/>
         <property name="attachments" value="/Users/faz/git/com.goldlokedu.app/Reports/20191231_170220/Android/Teacher Test Suite/Ordinary_teacher/20191231_170220/1577782986203.png"/>
         <property name="hostName" value="faz - 192.168.2.28"/>
         <property name="os" value="Mac OS X 64bit"/>
         <property name="appiumServerStatus" value="{\&quot;value\&quot;:{\&quot;build\&quot;:{\&quot;version\&quot;:\&quot;1.16.0\&quot;}},\&quot;sessionId\&quot;:null,\&quot;status\&quot;:0}"/>
         <property name="katalonVersion" value="7.2.0.1"/>
         <property name="deviceOS" value="Android"/>
         <property name="appiumVersion" value="1.16.0"/>
         <property name="deviceModel" value="COL-AL10"/>
         <property name="hostAddress" value="192.168.2.28"/>
         <property name="deviceManufacturer" value="HUAWEI"/>
         <property name="deviceId" value="VBJ4C18519001467"/>
         <property name="deviceName" value="HUAWEI COL-AL10 (Android 9)"/>
         <property name="deviceOSVersion" value="9"/>
      </properties>
      <testcase name="Test Cases/Android/Public Module/Start App/start_app" time="12.476" classname="Test Cases/Android/Public Module/Start App/start_app" status="PASSED">
         <system-out><![CDATA[2019-12-31 17:02:38 - [TEST_CASE][PASSED] - Test Cases/Android/Public Module/Start App/start_app: Test Cases/Android/Public Module/Start App/start_app

2019-12-31 17:02:39 - [TEST_STEP][PASSED] - startExistingApplication(G_AppId, STOP_ON_FAILURE): Starting app with application ID: 'com.goldlokedu.tgoldlokedu '

2019-12-31 17:02:39 - [MESSAGE][INFO] - User set preference: ['deviceId', 'VBJ4C18519001467']

2019-12-31 17:02:42 - [MESSAGE][INFO] - Appium server started on port 52,117

2019-12-31 17:02:51 - [MESSAGE][PASSED] - Starting app with application ID: 'com.goldlokedu.tgoldlokedu ']]></system-out>
         <system-err><![CDATA[]]></system-err>
      </testcase>
      <testcase name="Test Cases/Android/Bottom Navigation/tap_bottom_my" time="4.179" classname="Test Cases/Android/Bottom Navigation/tap_bottom_my" status="PASSED">
         <system-out><![CDATA[2019-12-31 17:02:51 - [TEST_CASE][PASSED] - Test Cases/Android/Bottom Navigation/tap_bottom_my: Test Cases/Android/Bottom Navigation/tap_bottom_my

2019-12-31 17:02:51 - [TEST_STEP][PASSED] - tap(findTestObject("Object Repository/Android/Bottom Bavigation/bottom_my_btn"), G_Timeout, CONTINUE_ON_FAILURE): Tapped on element 'Object Repository/Android/Bottom Bavigation/bottom_my_btn'

2019-12-31 17:02:55 - [MESSAGE][PASSED] - Tapped on element 'Object Repository/Android/Bottom Bavigation/bottom_my_btn']]></system-out>
         <system-err><![CDATA[]]></system-err>
      </testcase>
      <testcase name="Test Cases/Android/Bottom Navigation/My/Logout/tap_logout_btn" time="16.722" classname="Test Cases/Android/Bottom Navigation/My/Logout/tap_logout_btn" status="FAILED">
         <failure type="FAILED" message="Test Cases/Android/Bottom Navigation/My/Logout/tap_logout_btn FAILED.
Reason:
com.kms.katalon.core.exception.StepFailedException: Element 'Object Repository/Android/Bottom Bavigation/My/Logout/logout_btn' not found
	at com.kms.katalon.core.keyword.internal.KeywordMain.stepFailed(KeywordMain.groovy:39)
	at com.kms.katalon.core.mobile.keyword.internal.MobileKeywordMain.stepFailed(MobileKeywordMain.groovy:40)
	at com.kms.katalon.core.mobile.keyword.builtin.VerifyElementExistKeyword$_verifyElementExist_closure1.doCall(VerifyElementExistKeyword.groovy:77)
	at com.kms.katalon.core.mobile.keyword.builtin.VerifyElementExistKeyword$_verifyElementExist_closure1.call(VerifyElementExistKeyword.groovy)
	at com.kms.katalon.core.mobile.keyword.internal.MobileKeywordMain.runKeyword(MobileKeywordMain.groovy:21)
	at com.kms.katalon.core.mobile.keyword.builtin.VerifyElementExistKeyword.verifyElementExist(VerifyElementExistKeyword.groovy:80)
	at com.kms.katalon.core.mobile.keyword.builtin.VerifyElementExistKeyword.execute(VerifyElementExistKeyword.groovy:64)
	at com.kms.katalon.core.keyword.internal.KeywordExecutor.executeKeywordForPlatform(KeywordExecutor.groovy:72)
	at com.kms.katalon.core.mobile.keyword.MobileBuiltInKeywords.verifyElementExist(MobileBuiltInKeywords.groovy:793)
	at com.kms.katalon.core.mobile.keyword.MobileBuiltInKeywords$verifyElementExist$1.call(Unknown Source)
	at tap_logout_btn.run(tap_logout_btn:20)
	at com.kms.katalon.core.main.ScriptEngine.run(ScriptEngine.java:194)
	at com.kms.katalon.core.main.ScriptEngine.runScriptAsRawText(ScriptEngine.java:119)
	at com.kms.katalon.core.main.TestCaseExecutor.runScript(TestCaseExecutor.java:337)
	at com.kms.katalon.core.main.TestCaseExecutor.doExecute(TestCaseExecutor.java:328)
	at com.kms.katalon.core.main.TestCaseExecutor.processExecutionPhase(TestCaseExecutor.java:307)
	at com.kms.katalon.core.main.TestCaseExecutor.accessMainPhase(TestCaseExecutor.java:299)
	at com.kms.katalon.core.main.TestCaseExecutor.execute(TestCaseExecutor.java:233)
	at com.kms.katalon.core.main.TestSuiteExecutor.accessTestCaseMainPhase(TestSuiteExecutor.java:169)
	at com.kms.katalon.core.main.TestSuiteExecutor.accessTestSuiteMainPhase(TestSuiteExecutor.java:142)
	at com.kms.katalon.core.main.TestSuiteExecutor.execute(TestSuiteExecutor.java:91)
	at com.kms.katalon.core.main.TestCaseMain.startTestSuite(TestCaseMain.java:157)
	at com.kms.katalon.core.main.TestCaseMain$startTestSuite$0.call(Unknown Source)
	at TempTestSuite1577782950049.run(TempTestSuite1577782950049.groovy:36)
"/>
         <system-out><![CDATA[2019-12-31 17:02:55 - [TEST_CASE][FAILED] - Test Cases/Android/Bottom Navigation/My/Logout/tap_logout_btn: Test Cases/Android/Bottom Navigation/My/Logout/tap_logout_btn FAILED.
Reason:
com.kms.katalon.core.exception.StepFailedException: Element 'Object Repository/Android/Bottom Bavigation/My/Logout/logout_btn' not found
	at com.kms.katalon.core.keyword.internal.KeywordMain.stepFailed(KeywordMain.groovy:39)
	at com.kms.katalon.core.mobile.keyword.internal.MobileKeywordMain.stepFailed(MobileKeywordMain.groovy:40)
	at com.kms.katalon.core.mobile.keyword.builtin.VerifyElementExistKeyword$_verifyElementExist_closure1.doCall(VerifyElementExistKeyword.groovy:77)
	at com.kms.katalon.core.mobile.keyword.builtin.VerifyElementExistKeyword$_verifyElementExist_closure1.call(VerifyElementExistKeyword.groovy)
	at com.kms.katalon.core.mobile.keyword.internal.MobileKeywordMain.runKeyword(MobileKeywordMain.groovy:21)
	at com.kms.katalon.core.mobile.keyword.builtin.VerifyElementExistKeyword.verifyElementExist(VerifyElementExistKeyword.groovy:80)
	at com.kms.katalon.core.mobile.keyword.builtin.VerifyElementExistKeyword.execute(VerifyElementExistKeyword.groovy:64)
	at com.kms.katalon.core.keyword.internal.KeywordExecutor.executeKeywordForPlatform(KeywordExecutor.groovy:72)
	at com.kms.katalon.core.mobile.keyword.MobileBuiltInKeywords.verifyElementExist(MobileBuiltInKeywords.groovy:793)
	at com.kms.katalon.core.mobile.keyword.MobileBuiltInKeywords$verifyElementExist$1.call(Unknown Source)
	at tap_logout_btn.run(tap_logout_btn:20)
	at com.kms.katalon.core.main.ScriptEngine.run(ScriptEngine.java:194)
	at com.kms.katalon.core.main.ScriptEngine.runScriptAsRawText(ScriptEngine.java:119)
	at com.kms.katalon.core.main.TestCaseExecutor.runScript(TestCaseExecutor.java:337)
	at com.kms.katalon.core.main.TestCaseExecutor.doExecute(TestCaseExecutor.java:328)
	at com.kms.katalon.core.main.TestCaseExecutor.processExecutionPhase(TestCaseExecutor.java:307)
	at com.kms.katalon.core.main.TestCaseExecutor.accessMainPhase(TestCaseExecutor.java:299)
	at com.kms.katalon.core.main.TestCaseExecutor.execute(TestCaseExecutor.java:233)
	at com.kms.katalon.core.main.TestSuiteExecutor.accessTestCaseMainPhase(TestSuiteExecutor.java:169)
	at com.kms.katalon.core.main.TestSuiteExecutor.accessTestSuiteMainPhase(TestSuiteExecutor.java:142)
	at com.kms.katalon.core.main.TestSuiteExecutor.execute(TestSuiteExecutor.java:91)
	at com.kms.katalon.core.main.TestCaseMain.startTestSuite(TestCaseMain.java:157)
	at com.kms.katalon.core.main.TestCaseMain$startTestSuite$0.call(Unknown Source)
	at TempTestSuite1577782950049.run(TempTestSuite1577782950049.groovy:36)


2019-12-31 17:02:55 - [TEST_STEP][FAILED] - isPresent = verifyElementExist(findTestObject("Object Repository/Android/Bottom Bavigation/My/Logout/logout_btn"), G_Timeout, CONTINUE_ON_FAILURE): Element 'Object Repository/Android/Bottom Bavigation/My/Logout/logout_btn' not found

2019-12-31 17:03:07 - [MESSAGE][FAILED] - Element 'Object Repository/Android/Bottom Bavigation/My/Logout/logout_btn' not found
[[ATTACHMENT|/Users/faz/git/com.goldlokedu.app/Reports/20191231_170220/Android/Teacher Test Suite/Ordinary_teacher/20191231_170220/1577782986203.png]]

2019-12-31 17:03:07 - [TEST_STEP][PASSED] - if (!(isPresent)): Call Test Case 'Test Cases/Android/Pubilc Action/wipe_up' successfully

2019-12-31 17:03:07 - [TEST_STEP][PASSED] - callTestCase(findTestCase("Android/Pubilc Action/wipe_up"), [:], CONTINUE_ON_FAILURE): Call Test Case 'Test Cases/Android/Pubilc Action/wipe_up' successfully

2019-12-31 17:03:07 - [TEST_CASE][PASSED] - Test Cases/Android/Pubilc Action/wipe_up: Test Cases/Android/Pubilc Action/wipe_up

2019-12-31 17:03:07 - [TEST_STEP][PASSED] - y = getDeviceHeight(): Current device physical height is 2190

2019-12-31 17:03:08 - [MESSAGE][PASSED] - Current device physical height is 2190

2019-12-31 17:03:08 - [TEST_STEP][PASSED] - x = getDeviceWidth(): Current device physical width is 1080

2019-12-31 17:03:08 - [MESSAGE][PASSED] - Current device physical width is 1080

2019-12-31 17:03:08 - [TEST_STEP][PASSED] - swipe(BigDecimal((x / 2)).intValue(), BigDecimal(((y * 2) / 3)).intValue(), BigDecimal((x / 2)).intValue(), BigDecimal((y / 3)).intValue()): Swiped from 540,1,460 to 540,730

2019-12-31 17:03:09 - [MESSAGE][PASSED] - Swiped from 540,1,460 to 540,730

2019-12-31 17:03:09 - [MESSAGE][PASSED] - Call Test Case 'Test Cases/Android/Pubilc Action/wipe_up' successfully

2019-12-31 17:03:09 - [TEST_STEP][PASSED] - tap(findTestObject("Object Repository/Android/Bottom Bavigation/My/Logout/logout_btn"), G_Timeout, CONTINUE_ON_FAILURE): Tapped on element 'Object Repository/Android/Bottom Bavigation/My/Logout/logout_btn'

2019-12-31 17:03:12 - [MESSAGE][PASSED] - Tapped on element 'Object Repository/Android/Bottom Bavigation/My/Logout/logout_btn']]></system-out>
         <system-err><![CDATA[2019-12-31 17:02:55 - [TEST_CASE][FAILED] - Test Cases/Android/Bottom Navigation/My/Logout/tap_logout_btn: Test Cases/Android/Bottom Navigation/My/Logout/tap_logout_btn FAILED.
Reason:
com.kms.katalon.core.exception.StepFailedException: Element 'Object Repository/Android/Bottom Bavigation/My/Logout/logout_btn' not found
	at com.kms.katalon.core.keyword.internal.KeywordMain.stepFailed(KeywordMain.groovy:39)
	at com.kms.katalon.core.mobile.keyword.internal.MobileKeywordMain.stepFailed(MobileKeywordMain.groovy:40)
	at com.kms.katalon.core.mobile.keyword.builtin.VerifyElementExistKeyword$_verifyElementExist_closure1.doCall(VerifyElementExistKeyword.groovy:77)
	at com.kms.katalon.core.mobile.keyword.builtin.VerifyElementExistKeyword$_verifyElementExist_closure1.call(VerifyElementExistKeyword.groovy)
	at com.kms.katalon.core.mobile.keyword.internal.MobileKeywordMain.runKeyword(MobileKeywordMain.groovy:21)
	at com.kms.katalon.core.mobile.keyword.builtin.VerifyElementExistKeyword.verifyElementExist(VerifyElementExistKeyword.groovy:80)
	at com.kms.katalon.core.mobile.keyword.builtin.VerifyElementExistKeyword.execute(VerifyElementExistKeyword.groovy:64)
	at com.kms.katalon.core.keyword.internal.KeywordExecutor.executeKeywordForPlatform(KeywordExecutor.groovy:72)
	at com.kms.katalon.core.mobile.keyword.MobileBuiltInKeywords.verifyElementExist(MobileBuiltInKeywords.groovy:793)
	at com.kms.katalon.core.mobile.keyword.MobileBuiltInKeywords$verifyElementExist$1.call(Unknown Source)
	at tap_logout_btn.run(tap_logout_btn:20)
	at com.kms.katalon.core.main.ScriptEngine.run(ScriptEngine.java:194)
	at com.kms.katalon.core.main.ScriptEngine.runScriptAsRawText(ScriptEngine.java:119)
	at com.kms.katalon.core.main.TestCaseExecutor.runScript(TestCaseExecutor.java:337)
	at com.kms.katalon.core.main.TestCaseExecutor.doExecute(TestCaseExecutor.java:328)
	at com.kms.katalon.core.main.TestCaseExecutor.processExecutionPhase(TestCaseExecutor.java:307)
	at com.kms.katalon.core.main.TestCaseExecutor.accessMainPhase(TestCaseExecutor.java:299)
	at com.kms.katalon.core.main.TestCaseExecutor.execute(TestCaseExecutor.java:233)
	at com.kms.katalon.core.main.TestSuiteExecutor.accessTestCaseMainPhase(TestSuiteExecutor.java:169)
	at com.kms.katalon.core.main.TestSuiteExecutor.accessTestSuiteMainPhase(TestSuiteExecutor.java:142)
	at com.kms.katalon.core.main.TestSuiteExecutor.execute(TestSuiteExecutor.java:91)
	at com.kms.katalon.core.main.TestCaseMain.startTestSuite(TestCaseMain.java:157)
	at com.kms.katalon.core.main.TestCaseMain$startTestSuite$0.call(Unknown Source)
	at TempTestSuite1577782950049.run(TempTestSuite1577782950049.groovy:36)]]></system-err>
      </testcase>
      <system-out><![CDATA[2019-12-31 17:02:38 - [TEST_SUITE][FAILED] - Ordinary_teacher: Test Cases/Android/Bottom Navigation/My/Logout/tap_logout_btn FAILED.
Reason:
com.kms.katalon.core.exception.StepFailedException: Element 'Object Repository/Android/Bottom Bavigation/My/Logout/logout_btn' not found
	at com.kms.katalon.core.keyword.internal.KeywordMain.stepFailed(KeywordMain.groovy:39)
	at com.kms.katalon.core.mobile.keyword.internal.MobileKeywordMain.stepFailed(MobileKeywordMain.groovy:40)
	at com.kms.katalon.core.mobile.keyword.builtin.VerifyElementExistKeyword$_verifyElementExist_closure1.doCall(VerifyElementExistKeyword.groovy:77)
	at com.kms.katalon.core.mobile.keyword.builtin.VerifyElementExistKeyword$_verifyElementExist_closure1.call(VerifyElementExistKeyword.groovy)
	at com.kms.katalon.core.mobile.keyword.internal.MobileKeywordMain.runKeyword(MobileKeywordMain.groovy:21)
	at com.kms.katalon.core.mobile.keyword.builtin.VerifyElementExistKeyword.verifyElementExist(VerifyElementExistKeyword.groovy:80)
	at com.kms.katalon.core.mobile.keyword.builtin.VerifyElementExistKeyword.execute(VerifyElementExistKeyword.groovy:64)
	at com.kms.katalon.core.keyword.internal.KeywordExecutor.executeKeywordForPlatform(KeywordExecutor.groovy:72)
	at com.kms.katalon.core.mobile.keyword.MobileBuiltInKeywords.verifyElementExist(MobileBuiltInKeywords.groovy:793)
	at com.kms.katalon.core.mobile.keyword.MobileBuiltInKeywords$verifyElementExist$1.call(Unknown Source)
	at tap_logout_btn.run(tap_logout_btn:20)
	at com.kms.katalon.core.main.ScriptEngine.run(ScriptEngine.java:194)
	at com.kms.katalon.core.main.ScriptEngine.runScriptAsRawText(ScriptEngine.java:119)
	at com.kms.katalon.core.main.TestCaseExecutor.runScript(TestCaseExecutor.java:337)
	at com.kms.katalon.core.main.TestCaseExecutor.doExecute(TestCaseExecutor.java:328)
	at com.kms.katalon.core.main.TestCaseExecutor.processExecutionPhase(TestCaseExecutor.java:307)
	at com.kms.katalon.core.main.TestCaseExecutor.accessMainPhase(TestCaseExecutor.java:299)
	at com.kms.katalon.core.main.TestCaseExecutor.execute(TestCaseExecutor.java:233)
	at com.kms.katalon.core.main.TestSuiteExecutor.accessTestCaseMainPhase(TestSuiteExecutor.java:169)
	at com.kms.katalon.core.main.TestSuiteExecutor.accessTestSuiteMainPhase(TestSuiteExecutor.java:142)
	at com.kms.katalon.core.main.TestSuiteExecutor.execute(TestSuiteExecutor.java:91)
	at com.kms.katalon.core.main.TestCaseMain.startTestSuite(TestCaseMain.java:157)
	at com.kms.katalon.core.main.TestCaseMain$startTestSuite$0.call(Unknown Source)
	at TempTestSuite1577782950049.run(TempTestSuite1577782950049.groovy:36)]]></system-out>
      <system-err><![CDATA[2019-12-31 17:02:38 - [TEST_SUITE][FAILED] - Ordinary_teacher: Test Cases/Android/Bottom Navigation/My/Logout/tap_logout_btn FAILED.
Reason:
com.kms.katalon.core.exception.StepFailedException: Element 'Object Repository/Android/Bottom Bavigation/My/Logout/logout_btn' not found
	at com.kms.katalon.core.keyword.internal.KeywordMain.stepFailed(KeywordMain.groovy:39)
	at com.kms.katalon.core.mobile.keyword.internal.MobileKeywordMain.stepFailed(MobileKeywordMain.groovy:40)
	at com.kms.katalon.core.mobile.keyword.builtin.VerifyElementExistKeyword$_verifyElementExist_closure1.doCall(VerifyElementExistKeyword.groovy:77)
	at com.kms.katalon.core.mobile.keyword.builtin.VerifyElementExistKeyword$_verifyElementExist_closure1.call(VerifyElementExistKeyword.groovy)
	at com.kms.katalon.core.mobile.keyword.internal.MobileKeywordMain.runKeyword(MobileKeywordMain.groovy:21)
	at com.kms.katalon.core.mobile.keyword.builtin.VerifyElementExistKeyword.verifyElementExist(VerifyElementExistKeyword.groovy:80)
	at com.kms.katalon.core.mobile.keyword.builtin.VerifyElementExistKeyword.execute(VerifyElementExistKeyword.groovy:64)
	at com.kms.katalon.core.keyword.internal.KeywordExecutor.executeKeywordForPlatform(KeywordExecutor.groovy:72)
	at com.kms.katalon.core.mobile.keyword.MobileBuiltInKeywords.verifyElementExist(MobileBuiltInKeywords.groovy:793)
	at com.kms.katalon.core.mobile.keyword.MobileBuiltInKeywords$verifyElementExist$1.call(Unknown Source)
	at tap_logout_btn.run(tap_logout_btn:20)
	at com.kms.katalon.core.main.ScriptEngine.run(ScriptEngine.java:194)
	at com.kms.katalon.core.main.ScriptEngine.runScriptAsRawText(ScriptEngine.java:119)
	at com.kms.katalon.core.main.TestCaseExecutor.runScript(TestCaseExecutor.java:337)
	at com.kms.katalon.core.main.TestCaseExecutor.doExecute(TestCaseExecutor.java:328)
	at com.kms.katalon.core.main.TestCaseExecutor.processExecutionPhase(TestCaseExecutor.java:307)
	at com.kms.katalon.core.main.TestCaseExecutor.accessMainPhase(TestCaseExecutor.java:299)
	at com.kms.katalon.core.main.TestCaseExecutor.execute(TestCaseExecutor.java:233)
	at com.kms.katalon.core.main.TestSuiteExecutor.accessTestCaseMainPhase(TestSuiteExecutor.java:169)
	at com.kms.katalon.core.main.TestSuiteExecutor.accessTestSuiteMainPhase(TestSuiteExecutor.java:142)
	at com.kms.katalon.core.main.TestSuiteExecutor.execute(TestSuiteExecutor.java:91)
	at com.kms.katalon.core.main.TestCaseMain.startTestSuite(TestCaseMain.java:157)
	at com.kms.katalon.core.main.TestCaseMain$startTestSuite$0.call(Unknown Source)
	at TempTestSuite1577782950049.run(TempTestSuite1577782950049.groovy:36)]]></system-err>
   </testsuite>
</testsuites>
